# JRE version: OpenJDK Runtime Environment (8.0_76-b03) (build 1.8.0_76-release-b03)
# Java VM: OpenJDK 64-Bit Server VM (25.76-b03 mixed mode windows-amd64 compressed oops)
Heap:
 PSYoungGen      total 415232K, used 109041K [0x00000000e0000000, 0x0000000100000000, 0x0000000100000000)
  eden space 306176K, 0% used [0x00000000e0000000,0x00000000e0000000,0x00000000f2b00000)
  from space 109056K, 99% used [0x00000000f2b00000,0x00000000f957c5f8,0x00000000f9580000)
  to   space 109056K, 0% used [0x00000000f9580000,0x00000000f9580000,0x0000000100000000)
 ParOldGen       total 97792K, used 95008K [0x00000000a0000000, 0x00000000a5f80000, 0x00000000e0000000)
  object space 97792K, 97% used [0x00000000a0000000,0x00000000a5cc8050,0x00000000a5f80000)
 Metaspace       used 76342K, capacity 80882K, committed 81024K, reserved 1120256K
  class space    used 9668K, capacity 10553K, committed 10624K, reserved 1048576K
GC Heap History (10 events):
Event: 3719.298 GC heap after
Heap after GC invocations=51 (full 8):
 PSYoungGen      total 346624K, used 39954K [0x00000000e0000000, 0x00000000fd200000, 0x0000000100000000)
  eden space 306176K, 0% used [0x00000000e0000000,0x00000000e0000000,0x00000000f2b00000)
  from space 40448K, 98% used [0x00000000f3780000,0x00000000f5e849f8,0x00000000f5f00000)
  to   space 85504K, 0% used [0x00000000f7e80000,0x00000000f7e80000,0x00000000fd200000)
 ParOldGen       total 97792K, used 83308K [0x00000000a0000000, 0x00000000a5f80000, 0x00000000e0000000)
  object space 97792K, 85% used [0x00000000a0000000,0x00000000a515b258,0x00000000a5f80000)
 Metaspace       used 76101K, capacity 80550K, committed 80768K, reserved 1120256K
  class space    used 9661K, capacity 10551K, committed 10624K, reserved 1048576K
}
Event: 3721.956 GC heap before
{Heap before GC invocations=52 (full 8):
 PSYoungGen      total 346624K, used 346130K [0x00000000e0000000, 0x00000000fd200000, 0x0000000100000000)
  eden space 306176K, 100% used [0x00000000e0000000,0x00000000f2b00000,0x00000000f2b00000)
  from space 40448K, 98% used [0x00000000f3780000,0x00000000f5e849f8,0x00000000f5f00000)
  to   space 85504K, 0% used [0x00000000f7e80000,0x00000000f7e80000,0x00000000fd200000)
 ParOldGen       total 97792K, used 83308K [0x00000000a0000000, 0x00000000a5f80000, 0x00000000e0000000)
  object space 97792K, 85% used [0x00000000a0000000,0x00000000a515b258,0x00000000a5f80000)
 Metaspace       used 76184K, capacity 80754K, committed 81024K, reserved 1120256K
  class space    used 9666K, capacity 10553K, committed 10624K, reserved 1048576K
Event: 3722.083 GC heap after
Heap after GC invocations=52 (full 8):
 PSYoungGen      total 396288K, used 34644K [0x00000000e0000000, 0x00000000fe680000, 0x0000000100000000)
  eden space 310784K, 0% used [0x00000000e0000000,0x00000000e0000000,0x00000000f2f80000)
  from space 85504K, 40% used [0x00000000f7e80000,0x00000000fa0550e0,0x00000000fd200000)
  to   space 80896K, 0% used [0x00000000f2f80000,0x00000000f2f80000,0x00000000f7e80000)
 ParOldGen       total 97792K, used 83316K [0x00000000a0000000, 0x00000000a5f80000, 0x00000000e0000000)
  object space 97792K, 85% used [0x00000000a0000000,0x00000000a515d258,0x00000000a5f80000)
 Metaspace       used 76184K, capacity 80754K, committed 81024K, reserved 1120256K
  class space    used 9666K, capacity 10553K, committed 10624K, reserved 1048576K
}
Event: 3723.195 GC heap before
{Heap before GC invocations=53 (full 8):
 PSYoungGen      total 396288K, used 345428K [0x00000000e0000000, 0x00000000fe680000, 0x0000000100000000)
  eden space 310784K, 100% used [0x00000000e0000000,0x00000000f2f80000,0x00000000f2f80000)
  from space 85504K, 40% used [0x00000000f7e80000,0x00000000fa0550e0,0x00000000fd200000)
  to   space 80896K, 0% used [0x00000000f2f80000,0x00000000f2f80000,0x00000000f7e80000)
 ParOldGen       total 97792K, used 83316K [0x00000000a0000000, 0x00000000a5f80000, 0x00000000e0000000)
  object space 97792K, 85% used [0x00000000a0000000,0x00000000a515d258,0x00000000a5f80000)
 Metaspace       used 76258K, capacity 80818K, committed 81024K, reserved 1120256K
  class space    used 9668K, capacity 10553K, committed 10624K, reserved 1048576K
Event: 3723.373 GC heap after
Heap after GC invocations=53 (full 8):
 PSYoungGen      total 391680K, used 80869K [0x00000000e0000000, 0x0000000100000000, 0x0000000100000000)
  eden space 310784K, 0% used [0x00000000e0000000,0x00000000e0000000,0x00000000f2f80000)
  from space 80896K, 99% used [0x00000000f2f80000,0x00000000f7e795f0,0x00000000f7e80000)
  to   space 93696K, 0% used [0x00000000fa480000,0x00000000fa480000,0x0000000100000000)
 ParOldGen       total 97792K, used 85209K [0x00000000a0000000, 0x00000000a5f80000, 0x00000000e0000000)
  object space 97792K, 87% used [0x00000000a0000000,0x00000000a5336458,0x00000000a5f80000)
 Metaspace       used 76258K, capacity 80818K, committed 81024K, reserved 1120256K
  class space    used 9668K, capacity 10553K, committed 10624K, reserved 1048576K
}
Event: 3724.576 GC heap before
{Heap before GC invocations=54 (full 8):
 PSYoungGen      total 391680K, used 391653K [0x00000000e0000000, 0x0000000100000000, 0x0000000100000000)
  eden space 310784K, 100% used [0x00000000e0000000,0x00000000f2f80000,0x00000000f2f80000)
  from space 80896K, 99% used [0x00000000f2f80000,0x00000000f7e795f0,0x00000000f7e80000)
  to   space 93696K, 0% used [0x00000000fa480000,0x00000000fa480000,0x0000000100000000)
 ParOldGen       total 97792K, used 85209K [0x00000000a0000000, 0x00000000a5f80000, 0x00000000e0000000)
  object space 97792K, 87% used [0x00000000a0000000,0x00000000a5336458,0x00000000a5f80000)
 Metaspace       used 76312K, capacity 80818K, committed 81024K, reserved 1120256K
  class space    used 9668K, capacity 10553K, committed 10624K, reserved 1048576K
Event: 3724.817 GC heap after
Heap after GC invocations=54 (full 8):
 PSYoungGen      total 399872K, used 93672K [0x00000000e0000000, 0x0000000100000000, 0x0000000100000000)
  eden space 306176K, 0% used [0x00000000e0000000,0x00000000e0000000,0x00000000f2b00000)
  from space 93696K, 99% used [0x00000000fa480000,0x00000000ffffa1f8,0x0000000100000000)
  to   space 109056K, 0% used [0x00000000f2b00000,0x00000000f2b00000,0x00000000f9580000)
 ParOldGen       total 97792K, used 88680K [0x00000000a0000000, 0x00000000a5f80000, 0x00000000e0000000)
  object space 97792K, 90% used [0x00000000a0000000,0x00000000a569a1f8,0x00000000a5f80000)
 Metaspace       used 76312K, capacity 80818K, committed 81024K, reserved 1120256K
  class space    used 9668K, capacity 10553K, committed 10624K, reserved 1048576K
}
Event: 3725.935 GC heap before
{Heap before GC invocations=55 (full 8):
 PSYoungGen      total 399872K, used 399848K [0x00000000e0000000, 0x0000000100000000, 0x0000000100000000)
  eden space 306176K, 100% used [0x00000000e0000000,0x00000000f2b00000,0x00000000f2b00000)
  from space 93696K, 99% used [0x00000000fa480000,0x00000000ffffa1f8,0x0000000100000000)
  to   space 109056K, 0% used [0x00000000f2b00000,0x00000000f2b00000,0x00000000f9580000)
 ParOldGen       total 97792K, used 88680K [0x00000000a0000000, 0x00000000a5f80000, 0x00000000e0000000)
  object space 97792K, 90% used [0x00000000a0000000,0x00000000a569a1f8,0x00000000a5f80000)
 Metaspace       used 76342K, capacity 80882K, committed 81024K, reserved 1120256K
  class space    used 9668K, capacity 10553K, committed 10624K, reserved 1048576K
Event: 3726.105 GC heap after
Heap after GC invocations=55 (full 8):
 PSYoungGen      total 415232K, used 109041K [0x00000000e0000000, 0x0000000100000000, 0x0000000100000000)
  eden space 306176K, 0% used [0x00000000e0000000,0x00000000e0000000,0x00000000f2b00000)
  from space 109056K, 99% used [0x00000000f2b00000,0x00000000f957c5f8,0x00000000f9580000)
  to   space 109056K, 0% used [0x00000000f9580000,0x00000000f9580000,0x0000000100000000)
 ParOldGen       total 97792K, used 95008K [0x00000000a0000000, 0x00000000a5f80000, 0x00000000e0000000)
  object space 97792K, 97% used [0x00000000a0000000,0x00000000a5cc8050,0x00000000a5f80000)
 Metaspace       used 76342K, capacity 80882K, committed 81024K, reserved 1120256K
  class space    used 9668K, capacity 10553K, committed 10624K, reserved 1048576K
}
Event: 3726.105 GC heap before
{Heap before GC invocations=56 (full 9):
 PSYoungGen      total 415232K, used 109041K [0x00000000e0000000, 0x0000000100000000, 0x0000000100000000)
  eden space 306176K, 0% used [0x00000000e0000000,0x00000000e0000000,0x00000000f2b00000)
  from space 109056K, 99% used [0x00000000f2b00000,0x00000000f957c5f8,0x00000000f9580000)
  to   space 109056K, 0% used [0x00000000f9580000,0x00000000f9580000,0x0000000100000000)
 ParOldGen       total 97792K, used 95008K [0x00000000a0000000, 0x00000000a5f80000, 0x00000000e0000000)
  object space 97792K, 97% used [0x00000000a0000000,0x00000000a5cc8050,0x00000000a5f80000)
 Metaspace       used 76342K, capacity 80882K, committed 81024K, reserved 1120256K
  class space    used 9668K, capacity 10553K, committed 10624K, reserved 1048576K

